2026-01-03 23:25:58,055 - main - INFO - Monitoring service started
2026-01-03 23:27:47,918 - main - INFO - Started monitoring for user 1497781242 with 2 options
2026-01-03 23:33:24,852 - main - INFO - Stopped monitoring for user 1497781242
2026-01-03 23:35:12,778 - main - INFO - Monitoring service stopped
2026-01-03 23:35:13,138 - main - INFO - Monitoring service started
2026-01-03 23:36:16,003 - main - INFO - Monitoring service stopped
2026-01-03 23:36:16,498 - main - INFO - Monitoring service started
2026-01-03 23:38:26,810 - main - INFO - Monitoring service stopped
2026-01-03 23:38:27,141 - main - INFO - Monitoring service started
2026-01-03 23:40:17,982 - main - INFO - Monitoring service stopped
2026-01-03 23:40:18,291 - main - INFO - Monitoring service started
2026-01-03 23:40:55,384 - main - INFO - Monitoring service stopped
2026-01-03 23:40:55,736 - main - INFO - Monitoring service started
2026-01-03 23:46:28,266 - main - INFO - Started monitoring for user 1497781242 with 2 options
2026-01-03 23:47:56,623 - main - INFO - Stopped monitoring for user 1497781242
2026-01-03 23:48:54,336 - main - INFO - Started monitoring for user 1497781242 with 2 options
2026-01-03 23:50:29,401 - main - ERROR - Error getting data for BTC-04JAN26-89000-P-USDT: HTTPConnectionPool(host='localhost', port=8000): Max retries exceeded with url: /data/BTC-04JAN26-89000-P-USDT (Caused by NewConnectionError("HTTPConnection(host='localhost', port=8000): Failed to establish a new connection: [Errno 111] Connection refused"))
2026-01-03 23:50:29,402 - main - ERROR - Error getting data for BTC-04JAN26-91500-C-USDT: HTTPConnectionPool(host='localhost', port=8000): Max retries exceeded with url: /data/BTC-04JAN26-91500-C-USDT (Caused by NewConnectionError("HTTPConnection(host='localhost', port=8000): Failed to establish a new connection: [Errno 111] Connection refused"))
2026-01-04 00:03:44,970 - main - ERROR - Error getting data for BTC-04JAN26-89000-P-USDT: HTTPConnectionPool(host='localhost', port=8000): Max retries exceeded with url: /data/BTC-04JAN26-89000-P-USDT (Caused by NewConnectionError("HTTPConnection(host='localhost', port=8000): Failed to establish a new connection: [Errno 111] Connection refused"))
2026-01-04 00:03:44,971 - main - ERROR - Error getting data for BTC-04JAN26-91500-C-USDT: HTTPConnectionPool(host='localhost', port=8000): Max retries exceeded with url: /data/BTC-04JAN26-91500-C-USDT (Caused by NewConnectionError("HTTPConnection(host='localhost', port=8000): Failed to establish a new connection: [Errno 111] Connection refused"))
2026-01-04 00:03:49,972 - main - ERROR - Error getting data for BTC-04JAN26-89000-P-USDT: HTTPConnectionPool(host='localhost', port=8000): Max retries exceeded with url: /data/BTC-04JAN26-89000-P-USDT (Caused by NewConnectionError("HTTPConnection(host='localhost', port=8000): Failed to establish a new connection: [Errno 111] Connection refused"))
2026-01-04 00:03:49,972 - main - ERROR - Error getting data for BTC-04JAN26-91500-C-USDT: HTTPConnectionPool(host='localhost', port=8000): Max retries exceeded with url: /data/BTC-04JAN26-91500-C-USDT (Caused by NewConnectionError("HTTPConnection(host='localhost', port=8000): Failed to establish a new connection: [Errno 111] Connection refused"))
2026-01-04 00:03:53,383 - main - INFO - Monitoring service stopped
2026-01-04 00:16:22,277 - main - INFO - Monitoring service started
2026-01-04 00:55:48,917 - main - INFO - Monitoring service stopped
2026-01-04 00:55:49,319 - main - INFO - Monitoring service started
2026-01-04 00:58:00,803 - main - INFO - Monitoring service stopped
2026-01-04 00:58:01,415 - main - INFO - Monitoring service started
2026-01-04 01:00:45,379 - main - INFO - Monitoring service stopped
2026-01-04 01:00:45,745 - main - INFO - Monitoring service started
2026-01-04 01:01:45,578 - main - INFO - Monitoring service stopped
2026-01-04 01:01:46,183 - main - INFO - Monitoring service started
2026-01-04 01:05:12,625 - main - INFO - Monitoring service stopped
2026-01-04 01:05:12,993 - main - INFO - Monitoring service started
2026-01-04 01:05:25,926 - main - INFO - Monitoring service stopped
2026-01-04 01:05:26,431 - main - INFO - Monitoring service started
2026-01-04 01:05:39,670 - main - INFO - Monitoring service stopped
2026-01-04 01:05:40,023 - main - INFO - Monitoring service started
2026-01-04 01:09:05,148 - main - INFO - Monitoring service stopped
2026-01-04 01:09:05,608 - main - INFO - Monitoring service started
2026-01-04 01:09:46,901 - main - INFO - Monitoring service stopped
2026-01-04 01:09:47,432 - main - INFO - Monitoring service started
2026-01-04 01:10:43,555 - main - INFO - Monitoring service stopped
2026-01-04 01:10:43,899 - main - INFO - Monitoring service started
2026-01-04 01:13:03,340 - main - INFO - Monitoring service stopped
2026-01-04 01:13:03,946 - main - INFO - Monitoring service started
2026-01-04 01:13:47,952 - main - INFO - Monitoring service stopped
2026-01-04 01:13:48,695 - main - INFO - Monitoring service started
2026-01-04 01:15:58,073 - main - INFO - Monitoring service stopped
2026-01-04 01:15:58,508 - main - INFO - Monitoring service started
2026-01-04 01:16:29,598 - main - INFO - Monitoring service stopped
2026-01-04 01:16:30,125 - main - INFO - Monitoring service started
2026-01-04 01:16:35,142 - main - INFO - Monitoring service stopped
2026-01-04 01:16:35,548 - main - INFO - Monitoring service started
2026-01-04 01:20:00,480 - main - INFO - Monitoring service stopped
2026-01-04 01:20:00,891 - main - INFO - Monitoring service started
2026-01-04 01:21:44,102 - main - INFO - Monitoring service stopped
2026-01-04 01:21:44,548 - main - INFO - Monitoring service started
2026-01-04 01:32:19,364 - main - INFO - Monitoring service stopped
2026-01-04 01:32:19,733 - main - INFO - Monitoring service started
2026-01-04 02:07:08,032 - main - INFO - Monitoring service stopped
2026-01-04 02:07:08,385 - main - INFO - Monitoring service started
2026-01-04 02:07:16,709 - main - INFO - Monitoring service stopped
2026-01-04 02:07:17,035 - main - INFO - Monitoring service started
2026-01-04 04:22:04,317 - main - INFO - Monitoring service started
2026-01-04 04:41:09,014 - main - INFO - Monitoring service stopped
2026-01-04 04:41:09,321 - main - INFO - Monitoring service started
2026-01-04 04:42:42,329 - main - INFO - Monitoring service stopped
2026-01-04 04:42:42,719 - main - INFO - Monitoring service started
2026-01-04 04:43:42,748 - main - INFO - Monitoring service stopped
2026-01-04 04:43:43,054 - main - INFO - Monitoring service started
2026-01-04 04:46:28,192 - main - INFO - Monitoring service stopped
2026-01-04 04:46:28,581 - main - INFO - Monitoring service started
2026-01-04 04:47:09,775 - main - INFO - Monitoring service stopped
2026-01-04 04:47:10,091 - main - INFO - Monitoring service started
2026-01-04 13:28:14,582 - main - INFO - Monitoring service started
2026-01-04 14:11:28,636 - main - INFO - Monitoring service stopped
2026-01-04 14:11:29,169 - main - INFO - Monitoring service started
2026-01-04 14:18:04,599 - main - INFO - Monitoring service stopped
2026-01-04 14:18:04,946 - main - INFO - Monitoring service started
2026-01-04 14:19:05,601 - main - INFO - Monitoring service stopped
2026-01-04 14:19:05,942 - main - INFO - Monitoring service started
2026-01-04 14:19:39,538 - main - INFO - Monitoring service stopped
2026-01-04 14:19:39,876 - main - INFO - Monitoring service started
2026-01-04 14:21:02,304 - main - INFO - Monitoring service stopped
2026-01-04 14:21:02,633 - main - INFO - Monitoring service started
2026-01-04 14:21:23,102 - main - INFO - Monitoring service stopped
2026-01-04 14:21:23,415 - main - INFO - Monitoring service started
2026-01-04 14:22:16,060 - main - INFO - Monitoring service stopped
2026-01-04 14:22:16,411 - main - INFO - Monitoring service started
2026-01-04 14:25:07,532 - main - INFO - Monitoring service stopped
2026-01-04 14:25:07,881 - main - INFO - Monitoring service started
2026-01-04 14:25:21,424 - main - INFO - Monitoring service stopped
2026-01-04 14:25:21,742 - main - INFO - Monitoring service started
2026-01-04 14:26:35,236 - main - INFO - Monitoring service stopped
2026-01-04 14:26:35,549 - main - INFO - Monitoring service started
2026-01-04 15:06:41,887 - main - INFO - Monitoring service stopped
2026-01-04 15:06:42,296 - main - INFO - Monitoring service started
2026-01-04 15:07:38,554 - main - INFO - Monitoring service stopped
2026-01-04 15:07:38,908 - main - INFO - Monitoring service started
2026-01-04 15:09:20,361 - main - INFO - Monitoring service stopped
2026-01-04 15:09:20,683 - main - INFO - Monitoring service started
2026-01-04 15:10:51,911 - main - INFO - Monitoring service stopped
2026-01-04 15:10:52,283 - main - INFO - Monitoring service started
2026-01-04 15:12:53,080 - main - INFO - Monitoring service stopped
2026-01-04 15:12:53,427 - main - INFO - Monitoring service started
2026-01-04 15:15:08,552 - main - INFO - Monitoring service stopped
2026-01-04 15:15:08,870 - main - INFO - Monitoring service started
2026-01-04 15:17:00,156 - main - INFO - Monitoring service stopped
2026-01-04 15:17:00,487 - main - INFO - Monitoring service started
2026-01-04 15:18:00,655 - main - INFO - Monitoring service stopped
2026-01-04 15:18:00,976 - main - INFO - Monitoring service started
2026-01-04 15:18:34,674 - main - INFO - Monitoring service stopped
2026-01-04 15:18:34,998 - main - INFO - Monitoring service started
2026-01-04 15:20:29,876 - main - INFO - Monitoring service stopped
2026-01-04 15:20:30,262 - main - INFO - Monitoring service started
2026-01-04 15:35:37,983 - main - INFO - Monitoring service stopped
2026-01-04 15:35:38,305 - main - INFO - Monitoring service started
2026-01-04 15:36:23,426 - main - INFO - Monitoring service stopped
2026-01-04 15:36:23,739 - main - INFO - Monitoring service started
2026-01-04 15:37:45,139 - main - INFO - Monitoring service stopped
2026-01-04 15:37:45,432 - main - INFO - Monitoring service started
2026-01-04 15:39:04,319 - main - INFO - Monitoring service stopped
2026-01-04 15:39:04,627 - main - INFO - Monitoring service started
2026-01-04 15:42:41,847 - main - INFO - Monitoring service stopped
2026-01-04 15:42:42,158 - main - INFO - Monitoring service started
2026-01-04 15:43:28,876 - main - INFO - Monitoring service stopped
2026-01-04 15:43:29,454 - main - INFO - Monitoring service started
2026-01-04 15:43:43,791 - main - INFO - Monitoring service stopped
2026-01-04 15:43:44,167 - main - INFO - Monitoring service started
2026-01-04 15:46:07,728 - main - INFO - Monitoring service stopped
2026-01-04 15:46:08,331 - main - INFO - Monitoring service started
2026-01-04 16:12:55,492 - main - INFO - Monitoring service stopped
2026-01-04 22:18:34,801 - main - INFO - Monitoring service started
2026-01-04 22:24:17,865 - main - INFO - Monitoring service stopped
2026-01-04 22:24:18,288 - main - INFO - Monitoring service started
2026-01-04 22:25:52,043 - main - INFO - Monitoring service stopped
2026-01-04 22:25:52,413 - main - INFO - Monitoring service started
2026-01-04 22:28:26,935 - main - INFO - Monitoring service stopped
2026-01-04 22:28:27,244 - main - INFO - Monitoring service started
2026-01-04 22:31:00,214 - main - INFO - Monitoring service stopped
2026-01-04 22:31:00,914 - main - INFO - Monitoring service started
2026-01-04 22:33:26,269 - main - INFO - Monitoring service stopped
2026-01-04 22:33:26,586 - main - INFO - Monitoring service started
2026-01-04 22:34:09,499 - main - INFO - Monitoring service stopped
2026-01-04 22:34:09,869 - main - INFO - Monitoring service started
2026-01-04 22:39:29,217 - main - INFO - Monitoring service stopped
2026-01-04 22:39:29,526 - main - INFO - Monitoring service started
2026-01-04 23:15:38,923 - main - INFO - Monitoring service stopped
2026-01-04 23:15:39,250 - main - INFO - Monitoring service started
2026-01-04 23:15:50,183 - main - INFO - Monitoring service stopped
2026-01-05 10:56:23,219 - main - INFO - Monitoring service started
2026-01-05 11:33:19,803 - main - INFO - Monitoring service stopped
2026-01-05 19:31:44,310 - main - INFO - Monitoring service started
2026-01-05 20:40:44,844 - main - INFO - Monitoring service stopped
